[debug] [2024-06-29T10:24:11.476Z] ----------------------------------------------------------------------
[debug] [2024-06-29T10:24:11.480Z] Command:       C:\Program Files\nodejs\node.exe C:\Users\Akash\AppData\Roaming\npm\node_modules\firebase-tools\lib\bin\firebase.js projects:list
[debug] [2024-06-29T10:24:11.481Z] CLI Version:   13.12.0
[debug] [2024-06-29T10:24:11.481Z] Platform:      win32
[debug] [2024-06-29T10:24:11.482Z] Node Version:  v18.20.3
[debug] [2024-06-29T10:24:11.483Z] Time:          Sat Jun 29 2024 15:54:11 GMT+0530 (India Standard Time)
[debug] [2024-06-29T10:24:11.484Z] ----------------------------------------------------------------------
[debug] 
[debug] [2024-06-29T10:24:11.489Z] >>> [apiv2][query] GET https://firebase-public.firebaseio.com/cli.json [none]
[debug] [2024-06-29T10:24:11.574Z] > command requires scopes: ["email","openid","https://www.googleapis.com/auth/cloudplatformprojects.readonly","https://www.googleapis.com/auth/firebase","https://www.googleapis.com/auth/cloud-platform"]
[debug] [2024-06-29T10:24:11.574Z] > authorizing via signed-in user (official.akashk@gmail.com)
[debug] [2024-06-29T10:24:11.583Z] > refreshing access token with scopes: []
[debug] [2024-06-29T10:24:11.584Z] >>> [apiv2][query] POST https://www.googleapis.com/oauth2/v3/token [none]
[debug] [2024-06-29T10:24:11.585Z] >>> [apiv2][body] POST https://www.googleapis.com/oauth2/v3/token [omitted]
[debug] [2024-06-29T10:24:12.125Z] <<< [apiv2][status] POST https://www.googleapis.com/oauth2/v3/token 400
[debug] [2024-06-29T10:24:12.126Z] <<< [apiv2][body] POST https://www.googleapis.com/oauth2/v3/token [omitted]
[debug] [2024-06-29T10:24:12.129Z] >>> [apiv2][query] GET https://firebase.googleapis.com/v1beta1/projects pageSize=1000
[debug] [2024-06-29T10:24:12.424Z] <<< [apiv2][status] GET https://firebase-public.firebaseio.com/cli.json 200
[debug] [2024-06-29T10:24:12.424Z] <<< [apiv2][body] GET https://firebase-public.firebaseio.com/cli.json {"cloudBuildErrorAfter":1594252800000,"cloudBuildWarnAfter":1590019200000,"defaultNode10After":1594252800000,"minVersion":"3.0.5","node8DeploysDisabledAfter":1613390400000,"node8RuntimeDisabledAfter":1615809600000,"node8WarnAfter":1600128000000}
[debug] [2024-06-29T10:24:12.689Z] <<< [apiv2][status] GET https://firebase.googleapis.com/v1beta1/projects 401
[debug] [2024-06-29T10:24:12.689Z] <<< [apiv2][body] GET https://firebase.googleapis.com/v1beta1/projects [omitted]
[debug] [2024-06-29T10:24:12.691Z] HTTP Error: 401, Request had invalid authentication credentials. Expected OAuth 2 access token, login cookie or other valid authentication credential. See https://developers.google.com/identity/sign-in/web/devconsole-project.
[debug] [2024-06-29T10:24:13.167Z] FirebaseError: HTTP Error: 401, Request had invalid authentication credentials. Expected OAuth 2 access token, login cookie or other valid authentication credential. See https://developers.google.com/identity/sign-in/web/devconsole-project.
    at responseToError (C:\Users\Akash\AppData\Roaming\npm\node_modules\firebase-tools\lib\responseToError.js:49:12)
    at RetryOperation._fn (C:\Users\Akash\AppData\Roaming\npm\node_modules\firebase-tools\lib\apiv2.js:305:77)
    at process.processTicksAndRejections (node:internal/process/task_queues:95:5)
[error] 
[error] Error: Failed to list Firebase projects. See firebase-debug.log for more info.
[debug] [2024-06-29T10:24:59.295Z] ----------------------------------------------------------------------
[debug] [2024-06-29T10:24:59.299Z] Command:       C:\Program Files\nodejs\node.exe C:\Users\Akash\AppData\Roaming\npm\node_modules\firebase-tools\lib\bin\firebase.js projects:list
[debug] [2024-06-29T10:24:59.300Z] CLI Version:   13.12.0
[debug] [2024-06-29T10:24:59.300Z] Platform:      win32
[debug] [2024-06-29T10:24:59.301Z] Node Version:  v18.20.3
[debug] [2024-06-29T10:24:59.303Z] Time:          Sat Jun 29 2024 15:54:59 GMT+0530 (India Standard Time)
[debug] [2024-06-29T10:24:59.303Z] ----------------------------------------------------------------------
[debug] 
[debug] [2024-06-29T10:24:59.319Z] > command requires scopes: ["email","openid","https://www.googleapis.com/auth/cloudplatformprojects.readonly","https://www.googleapis.com/auth/firebase","https://www.googleapis.com/auth/cloud-platform"]
[debug] [2024-06-29T10:24:59.321Z] > authorizing via signed-in user (official.akashk@gmail.com)
[debug] [2024-06-29T10:24:59.330Z] > refreshing access token with scopes: []
[debug] [2024-06-29T10:24:59.335Z] >>> [apiv2][query] POST https://www.googleapis.com/oauth2/v3/token [none]
[debug] [2024-06-29T10:24:59.335Z] >>> [apiv2][body] POST https://www.googleapis.com/oauth2/v3/token [omitted]
[debug] [2024-06-29T10:24:59.878Z] <<< [apiv2][status] POST https://www.googleapis.com/oauth2/v3/token 400
[debug] [2024-06-29T10:24:59.878Z] <<< [apiv2][body] POST https://www.googleapis.com/oauth2/v3/token [omitted]
[debug] [2024-06-29T10:24:59.880Z] >>> [apiv2][query] GET https://firebase.googleapis.com/v1beta1/projects pageSize=1000
[debug] [2024-06-29T10:25:00.339Z] <<< [apiv2][status] GET https://firebase.googleapis.com/v1beta1/projects 401
[debug] [2024-06-29T10:25:00.340Z] <<< [apiv2][body] GET https://firebase.googleapis.com/v1beta1/projects [omitted]
[debug] [2024-06-29T10:25:00.341Z] HTTP Error: 401, Request had invalid authentication credentials. Expected OAuth 2 access token, login cookie or other valid authentication credential. See https://developers.google.com/identity/sign-in/web/devconsole-project.
[debug] [2024-06-29T10:25:00.723Z] FirebaseError: HTTP Error: 401, Request had invalid authentication credentials. Expected OAuth 2 access token, login cookie or other valid authentication credential. See https://developers.google.com/identity/sign-in/web/devconsole-project.
    at responseToError (C:\Users\Akash\AppData\Roaming\npm\node_modules\firebase-tools\lib\responseToError.js:49:12)
    at RetryOperation._fn (C:\Users\Akash\AppData\Roaming\npm\node_modules\firebase-tools\lib\apiv2.js:305:77)
    at process.processTicksAndRejections (node:internal/process/task_queues:95:5)
[error] 
[error] Error: Failed to list Firebase projects. See firebase-debug.log for more info.
